
bar_graph_noints_skel.elf:     file format elf32-avr

Sections:
Idx Name          Size      VMA       LMA       File off  Algn
  0 .data         00000000  00800100  00000134  000001a8  2**0
                  CONTENTS, ALLOC, LOAD, DATA
  1 .text         00000134  00000000  00000000  00000074  2**1
                  CONTENTS, ALLOC, LOAD, READONLY, CODE
  2 .comment      00000030  00000000  00000000  000001a8  2**0
                  CONTENTS, READONLY
  3 .note.gnu.avr.deviceinfo 0000003c  00000000  00000000  000001d8  2**2
                  CONTENTS, READONLY
  4 .debug_aranges 00000028  00000000  00000000  00000214  2**0
                  CONTENTS, READONLY, DEBUGGING
  5 .debug_info   000008da  00000000  00000000  0000023c  2**0
                  CONTENTS, READONLY, DEBUGGING
  6 .debug_abbrev 0000080f  00000000  00000000  00000b16  2**0
                  CONTENTS, READONLY, DEBUGGING
  7 .debug_line   0000014e  00000000  00000000  00001325  2**0
                  CONTENTS, READONLY, DEBUGGING
  8 .debug_frame  00000034  00000000  00000000  00001474  2**2
                  CONTENTS, READONLY, DEBUGGING
  9 .debug_str    0000039e  00000000  00000000  000014a8  2**0
                  CONTENTS, READONLY, DEBUGGING
 10 .debug_loc    000000b7  00000000  00000000  00001846  2**0
                  CONTENTS, READONLY, DEBUGGING
 11 .debug_ranges 00000018  00000000  00000000  000018fd  2**0
                  CONTENTS, READONLY, DEBUGGING

Disassembly of section .text:

00000000 <__vectors>:
   0:	0c 94 46 00 	jmp	0x8c	; 0x8c <__ctors_end>
   4:	0c 94 50 00 	jmp	0xa0	; 0xa0 <__bad_interrupt>
   8:	0c 94 50 00 	jmp	0xa0	; 0xa0 <__bad_interrupt>
   c:	0c 94 50 00 	jmp	0xa0	; 0xa0 <__bad_interrupt>
  10:	0c 94 50 00 	jmp	0xa0	; 0xa0 <__bad_interrupt>
  14:	0c 94 50 00 	jmp	0xa0	; 0xa0 <__bad_interrupt>
  18:	0c 94 50 00 	jmp	0xa0	; 0xa0 <__bad_interrupt>
  1c:	0c 94 50 00 	jmp	0xa0	; 0xa0 <__bad_interrupt>
  20:	0c 94 50 00 	jmp	0xa0	; 0xa0 <__bad_interrupt>
  24:	0c 94 50 00 	jmp	0xa0	; 0xa0 <__bad_interrupt>
  28:	0c 94 50 00 	jmp	0xa0	; 0xa0 <__bad_interrupt>
  2c:	0c 94 50 00 	jmp	0xa0	; 0xa0 <__bad_interrupt>
  30:	0c 94 50 00 	jmp	0xa0	; 0xa0 <__bad_interrupt>
  34:	0c 94 50 00 	jmp	0xa0	; 0xa0 <__bad_interrupt>
  38:	0c 94 50 00 	jmp	0xa0	; 0xa0 <__bad_interrupt>
  3c:	0c 94 50 00 	jmp	0xa0	; 0xa0 <__bad_interrupt>
  40:	0c 94 50 00 	jmp	0xa0	; 0xa0 <__bad_interrupt>
  44:	0c 94 50 00 	jmp	0xa0	; 0xa0 <__bad_interrupt>
  48:	0c 94 50 00 	jmp	0xa0	; 0xa0 <__bad_interrupt>
  4c:	0c 94 50 00 	jmp	0xa0	; 0xa0 <__bad_interrupt>
  50:	0c 94 50 00 	jmp	0xa0	; 0xa0 <__bad_interrupt>
  54:	0c 94 50 00 	jmp	0xa0	; 0xa0 <__bad_interrupt>
  58:	0c 94 50 00 	jmp	0xa0	; 0xa0 <__bad_interrupt>
  5c:	0c 94 50 00 	jmp	0xa0	; 0xa0 <__bad_interrupt>
  60:	0c 94 50 00 	jmp	0xa0	; 0xa0 <__bad_interrupt>
  64:	0c 94 50 00 	jmp	0xa0	; 0xa0 <__bad_interrupt>
  68:	0c 94 50 00 	jmp	0xa0	; 0xa0 <__bad_interrupt>
  6c:	0c 94 50 00 	jmp	0xa0	; 0xa0 <__bad_interrupt>
  70:	0c 94 50 00 	jmp	0xa0	; 0xa0 <__bad_interrupt>
  74:	0c 94 50 00 	jmp	0xa0	; 0xa0 <__bad_interrupt>
  78:	0c 94 50 00 	jmp	0xa0	; 0xa0 <__bad_interrupt>
  7c:	0c 94 50 00 	jmp	0xa0	; 0xa0 <__bad_interrupt>
  80:	0c 94 50 00 	jmp	0xa0	; 0xa0 <__bad_interrupt>
  84:	0c 94 50 00 	jmp	0xa0	; 0xa0 <__bad_interrupt>
  88:	0c 94 50 00 	jmp	0xa0	; 0xa0 <__bad_interrupt>

0000008c <__ctors_end>:
  8c:	11 24       	eor	r1, r1
  8e:	1f be       	out	0x3f, r1	; 63
  90:	cf ef       	ldi	r28, 0xFF	; 255
  92:	d0 e1       	ldi	r29, 0x10	; 16
  94:	de bf       	out	0x3e, r29	; 62
  96:	cd bf       	out	0x3d, r28	; 61
  98:	0e 94 5a 00 	call	0xb4	; 0xb4 <main>
  9c:	0c 94 98 00 	jmp	0x130	; 0x130 <_exit>

000000a0 <__bad_interrupt>:
  a0:	0c 94 00 00 	jmp	0	; 0x0 <__vectors>

000000a4 <spi_init>:
//***********************************************************************
//                            spi_init                               
//**********************************************************************
void spi_init(void){

  DDRB   |= (1<<DDB0) | (1<<DDB1) | (1<<DDB2); //output mode for SS, MOSI, SCLK
  a4:	87 b3       	in	r24, 0x17	; 23
  a6:	87 60       	ori	r24, 0x07	; 7
  a8:	87 bb       	out	0x17, r24	; 23
  
  SPCR   = (1<<MSTR) |(1<<CPOL) |(1<<CPHA) |(1<<SPE); //master mode, clk low on idle, leading edge sample
  aa:	8c e5       	ldi	r24, 0x5C	; 92
  ac:	8d b9       	out	0x0d, r24	; 13

  SPSR   = (1<<SPI2X);  //choose double speed operation
  ae:	81 e0       	ldi	r24, 0x01	; 1
  b0:	8e b9       	out	0x0e, r24	; 14
  b2:	08 95       	ret

000000b4 <main>:
//***********************************************************************
//                            spi_init                               
//**********************************************************************
void spi_init(void){

  DDRB   |= (1<<DDB0) | (1<<DDB1) | (1<<DDB2); //output mode for SS, MOSI, SCLK
  b4:	87 b3       	in	r24, 0x17	; 23
  b6:	87 60       	ori	r24, 0x07	; 7
  b8:	87 bb       	out	0x17, r24	; 23
  
  SPCR   = (1<<MSTR) |(1<<CPOL) |(1<<CPHA) |(1<<SPE); //master mode, clk low on idle, leading edge sample
  ba:	8c e5       	ldi	r24, 0x5C	; 92
  bc:	8d b9       	out	0x0d, r24	; 13

  SPSR   = (1<<SPI2X);  //choose double speed operation
  be:	81 e0       	ldi	r24, 0x01	; 1
  c0:	8e b9       	out	0x0e, r24	; 14
//**********************************************************************
//                                main                                 
//**********************************************************************
int main(){     

uint8_t display_count = 0X00; //holds count for display 
  c2:	80 e0       	ldi	r24, 0x00	; 0
   //DDRD |= 0x0C;
  // PORTD |= 0x00;
spi_init();  //initalize SPI port
while(1){                             //main while loop

    SPDR = display_count;//send display_count to the display 
  c4:	8f b9       	out	0x0f, r24	; 15

    while (bit_is_clear(SPSR, SPIF)){} //spin till SPI data has been sent 
  c6:	77 9b       	sbis	0x0e, 7	; 14
  c8:	fe cf       	rjmp	.-4      	; 0xc6 <main+0x12>

    PORTB |= (1<<PB0);            //send rising edge to regclk on HC595 
  ca:	c0 9a       	sbi	0x18, 0	; 24

    PORTB &= 0xFE;            //send falling edge to regclk on HC595
  cc:	c0 98       	cbi	0x18, 0	; 24
//    PORTD &= display_count;            //send falling edge to regclk on HC595

    display_count = (display_count<<1);//shift display_count for next time 
  ce:	88 0f       	add	r24, r24

    if(display_count == 0x00){
  d0:	09 f4       	brne	.+2      	; 0xd4 <main+0x20>
	display_count = 0x01;
  d2:	81 e0       	ldi	r24, 0x01	; 1
	#else
		//round up by default
		__ticks_dc = (uint32_t)(ceil(fabs(__tmp)));
	#endif

	__builtin_avr_delay_cycles(__ticks_dc);
  d4:	2f ef       	ldi	r18, 0xFF	; 255
  d6:	31 ee       	ldi	r19, 0xE1	; 225
  d8:	94 e0       	ldi	r25, 0x04	; 4
  da:	21 50       	subi	r18, 0x01	; 1
  dc:	30 40       	sbci	r19, 0x00	; 0
  de:	90 40       	sbci	r25, 0x00	; 0
  e0:	e1 f7       	brne	.-8      	; 0xda <main+0x26>
  e2:	00 c0       	rjmp	.+0      	; 0xe4 <main+0x30>
  e4:	00 00       	nop
  e6:	2f ef       	ldi	r18, 0xFF	; 255
  e8:	31 ee       	ldi	r19, 0xE1	; 225
  ea:	94 e0       	ldi	r25, 0x04	; 4
  ec:	21 50       	subi	r18, 0x01	; 1
  ee:	30 40       	sbci	r19, 0x00	; 0
  f0:	90 40       	sbci	r25, 0x00	; 0
  f2:	e1 f7       	brne	.-8      	; 0xec <main+0x38>
  f4:	00 c0       	rjmp	.+0      	; 0xf6 <main+0x42>
  f6:	00 00       	nop
  f8:	2f ef       	ldi	r18, 0xFF	; 255
  fa:	31 ee       	ldi	r19, 0xE1	; 225
  fc:	94 e0       	ldi	r25, 0x04	; 4
  fe:	21 50       	subi	r18, 0x01	; 1
 100:	30 40       	sbci	r19, 0x00	; 0
 102:	90 40       	sbci	r25, 0x00	; 0
 104:	e1 f7       	brne	.-8      	; 0xfe <main+0x4a>
 106:	00 c0       	rjmp	.+0      	; 0x108 <main+0x54>
 108:	00 00       	nop
 10a:	2f ef       	ldi	r18, 0xFF	; 255
 10c:	31 ee       	ldi	r19, 0xE1	; 225
 10e:	94 e0       	ldi	r25, 0x04	; 4
 110:	21 50       	subi	r18, 0x01	; 1
 112:	30 40       	sbci	r19, 0x00	; 0
 114:	90 40       	sbci	r25, 0x00	; 0
 116:	e1 f7       	brne	.-8      	; 0x110 <main+0x5c>
 118:	00 c0       	rjmp	.+0      	; 0x11a <main+0x66>
 11a:	00 00       	nop
 11c:	2f ef       	ldi	r18, 0xFF	; 255
 11e:	31 ee       	ldi	r19, 0xE1	; 225
 120:	94 e0       	ldi	r25, 0x04	; 4
 122:	21 50       	subi	r18, 0x01	; 1
 124:	30 40       	sbci	r19, 0x00	; 0
 126:	90 40       	sbci	r25, 0x00	; 0
 128:	e1 f7       	brne	.-8      	; 0x122 <main+0x6e>
 12a:	00 c0       	rjmp	.+0      	; 0x12c <main+0x78>
 12c:	00 00       	nop
 12e:	ca cf       	rjmp	.-108    	; 0xc4 <main+0x10>

00000130 <_exit>:
 130:	f8 94       	cli

00000132 <__stop_program>:
 132:	ff cf       	rjmp	.-2      	; 0x132 <__stop_program>
